#
# A fatal error has been detected by the Java Runtime Environment:
#
#  EXCEPTION_ACCESS_VIOLATION (0xc0000005) at pc=0x0000000004f93f27, pid=3764, tid=0x00000000000022d0
#
# JRE version: OpenJDK Runtime Environment (8.0_76-b03) (build 1.8.0_76-release-b03)
# Java VM: OpenJDK 64-Bit Server VM (25.76-b03 mixed mode windows-amd64 compressed oops)
# Problematic frame:
# J 11578 C2 java.net.URLClassLoader.findResources(Ljava/lang/String;)Ljava/util/Enumeration; (20 bytes) @ 0x0000000004f93f27 [0x0000000004f93ea0+0x87]
#
# Failed to write core dump. Minidumps are not enabled by default on client versions of Windows
#
# If you would like to submit a bug report, please visit:
#   http://bugreport.java.com/bugreport/crash.jsp
#

---------------  T H R E A D  ---------------

Current thread (0x00000000181ae000):  JavaThread "Daemon worker Thread 7" [_thread_in_Java, id=8912, stack(0x00000000371b0000,0x00000000372b0000)]

siginfo: ExceptionCode=0xc0000005, writing address 0x000000006a828446

Registers:
RAX=0x000000010000f3f0, RBX=0x0000000015d995d0, RCX=0x00000000a0348ea8, RDX=0x00000000a01e14b0
RSP=0x00000000372acb80, RBP=0x00000000ee08c6c8, RSI=0x0000000020002de8, RDI=0x0000000000000013
R8 =0x0000000000000021, R9 =0x0000000000000001, R10=0x00000000a02974e0, R11=0x0000000000000005
R12=0x0000000000000000, R13=0x00000000ee08c718, R14=0x00000000ee08c6e0, R15=0x00000000181ae000
RIP=0x0000000004f93f27, EFLAGS=0x0000000000010212

Top of Stack: (sp=0x00000000372acb80)
0x00000000372acb80:   00000000e0d54260 00000000031f9785
0x00000000372acb90:   00000000181ae1e0 00000000e0d68640
0x00000000372acba0:   0000000000000001 00000000372acc00
0x00000000372acbb0:   00000000ee08c548 00000000e0d52048
0x00000000372acbc0:   00000000edfc8340 00000000ee0886b0
0x00000000372acbd0:   e0d68640a02974e0 00000000e0d54260
0x00000000372acbe0:   00000000a02fc8e8 00000000a01e14b0
0x00000000372acbf0:   00000000e0d54260 a00e97601b163150
0x00000000372acc00:   00000000ee08c6c8 0000000003ac8c70
0x00000000372acc10:   00000000a01e1208 00000000372acc18
0x00000000372acc20:   000000001b162a90 00000000372acc78
0x00000000372acc30:   00000000a01e14b0 00000000ee08c548
0x00000000372acc40:   00000000ee08c6c8 00000000a0354870
0x00000000372acc50:   00000000ee0886c8 00000000372accd0
0x00000000372acc60:   00000000372ad070 00000000032b1c14
0x00000000372acc70:   00000000ee06f438 000000001b123e88 

Instructions: (pc=0x0000000004f93f27)
0x0000000004f93f07:   bb 4d a0 00 20 49 c1 e3 03 4d 8b 9b a8 00 00 00
0x0000000004f93f17:   4d 89 5d 00 41 c7 45 08 4d a0 00 20 45 89 65 0c
0x0000000004f93f27:   45 89 25 18 45 89 65 24 49 c7 45 10 01 00 00 00
0x0000000004f93f37:   4d 8b d8 49 83 e3 07 4c 8b 4c 24 30 45 89 4d 1c 


Register to memory mapping:

RAX=0x000000010000f3f0 is pointing into metadata
RBX={method} {0x0000000015d995d8} 'findResources' '(Ljava/lang/String;)Ljava/util/Enumeration;' in 'java/net/URLClassLoader'
RCX=0x00000000a0348ea8 is an oop
org.gradle.internal.classloader.MutableURLClassLoader 
 - klass: 'org/gradle/internal/classloader/MutableURLClassLoader'
RDX=0x00000000a01e14b0 is an oop
sun.misc.Launcher$ExtClassLoader 
 - klass: 'sun/misc/Launcher$ExtClassLoader'
RSP=0x00000000372acb80 is pointing into the stack for thread: 0x00000000181ae000
RBP=0x00000000ee08c6c8 is an oop
[Ljava.util.Enumeration; 
 - klass: 'java/util/Enumeration'[]
 - length: 2
RSI=0x0000000020002de8 is an unknown value
RDI=0x0000000000000013 is an unknown value
R8 =0x0000000000000021 is an unknown value
R9 =0x0000000000000001 is an unknown value
R10=0x00000000a02974e0 is an oop
sun.misc.URLClassPath 
 - klass: 'sun/misc/URLClassPath'
R11=0x0000000000000005 is an unknown value
R12=0x0000000000000000 is an unknown value
R13=0x00000000ee08c718 is an oop
sun.misc.URLClassPath$1 
 - klass: 'sun/misc/URLClassPath$1'
R14=0x00000000ee08c6e0 is an oop
sun.misc.URLClassPath$2 
 - klass: 'sun/misc/URLClassPath$2'
R15=0x00000000181ae000 is a thread


Stack: [0x00000000371b0000,0x00000000372b0000],  sp=0x00000000372acb80,  free space=1010k
Native frames: (J=compiled Java code, j=interpreted, Vv=VM code, C=native code)
C  0x0000000004f93f27


---------------  P R O C E S S  ---------------

Java Threads: ( => current thread )
  0x00000000181ac800 JavaThread "Stdin handler" [_thread_blocked, id=952, stack(0x00000000373b0000,0x00000000374b0000)]
  0x00000000181ab800 JavaThread "Asynchronous log dispatcher for org.gradle.launcher.daemon.server.DefaultDaemonConnection@51240690" [_thread_blocked, id=9180, stack(0x00000000372b0000,0x00000000373b0000)]
=>0x00000000181ae000 JavaThread "Daemon worker Thread 7" [_thread_in_Java, id=8912, stack(0x00000000371b0000,0x00000000372b0000)]
  0x00000000181ab000 JavaThread "Cancel handler" [_thread_blocked, id=3276, stack(0x00000000370b0000,0x00000000371b0000)]
  0x00000000181aa000 JavaThread "Handler for socket connection from /127.0.0.1:61387 to /127.0.0.1:58878" [_thread_in_native, id=2572, stack(0x0000000036fb0000,0x00000000370b0000)]
  0x00000000181a2800 JavaThread "Daemon Thread 7" [_thread_blocked, id=1520, stack(0x0000000036eb0000,0x0000000036fb0000)]
  0x000000001e09c800 JavaThread "pool-15-thread-4" [_thread_blocked, id=2944, stack(0x000000002c6b0000,0x000000002c7b0000)]
  0x000000001e09b000 JavaThread "pool-15-thread-2" [_thread_blocked, id=8316, stack(0x000000002c5b0000,0x000000002c6b0000)]
  0x000000001e09e000 JavaThread "pool-15-thread-3" [_thread_blocked, id=5488, stack(0x000000002c4b0000,0x000000002c5b0000)]
  0x000000001e09a800 JavaThread "pool-15-thread-1" [_thread_blocked, id=2192, stack(0x000000002c3b0000,0x000000002c4b0000)]
  0x00000000181a9800 JavaThread "stdout" daemon [_thread_in_native, id=3312, stack(0x000000002a1b0000,0x000000002a2b0000)]
  0x00000000181a1800 JavaThread "stderr" daemon [_thread_in_native, id=6000, stack(0x000000002a0b0000,0x000000002a1b0000)]
  0x00000000181a8800 JavaThread "stdout" daemon [_thread_in_native, id=4752, stack(0x0000000029fb0000,0x000000002a0b0000)]
  0x00000000181a8000 JavaThread "stderr" daemon [_thread_in_native, id=3672, stack(0x0000000029eb0000,0x0000000029fb0000)]
  0x00000000181a0000 JavaThread "stdout" daemon [_thread_in_native, id=7612, stack(0x0000000029db0000,0x0000000029eb0000)]
  0x00000000181a7000 JavaThread "stderr" daemon [_thread_in_native, id=2412, stack(0x0000000029cb0000,0x0000000029db0000)]
  0x000000001819f800 JavaThread "stdout" daemon [_thread_in_native, id=5584, stack(0x0000000029bb0000,0x0000000029cb0000)]
  0x00000000181a4800 JavaThread "stderr" daemon [_thread_in_native, id=5548, stack(0x0000000029ab0000,0x0000000029bb0000)]
  0x00000000181a4000 JavaThread "stdout" daemon [_thread_in_native, id=5572, stack(0x00000000299b0000,0x0000000029ab0000)]
  0x00000000181a6000 JavaThread "stderr" daemon [_thread_in_native, id=3804, stack(0x00000000298b0000,0x00000000299b0000)]
  0x00000000181a3000 JavaThread "stdout" daemon [_thread_in_native, id=9004, stack(0x00000000297b0000,0x00000000298b0000)]
  0x000000001819e800 JavaThread "stderr" daemon [_thread_in_native, id=1408, stack(0x00000000296b0000,0x00000000297b0000)]
  0x00000000181a1000 JavaThread "stdout" daemon [_thread_in_native, id=8056, stack(0x00000000295b0000,0x00000000296b0000)]
  0x00000000181a5800 JavaThread "stderr" daemon [_thread_in_native, id=8876, stack(0x00000000294b0000,0x00000000295b0000)]
  0x000000001e92c000 JavaThread "stdout" daemon [_thread_in_native, id=196, stack(0x00000000293b0000,0x00000000294b0000)]
  0x000000001e924800 JavaThread "stderr" daemon [_thread_in_native, id=4944, stack(0x00000000292b0000,0x00000000293b0000)]
  0x000000001e92b800 JavaThread "stdout" daemon [_thread_in_native, id=3660, stack(0x00000000291b0000,0x00000000292b0000)]
  0x000000001e92a800 JavaThread "stderr" daemon [_thread_in_native, id=9012, stack(0x00000000290b0000,0x00000000291b0000)]
  0x000000001e928800 JavaThread "stdout" daemon [_thread_in_native, id=6908, stack(0x0000000028eb0000,0x0000000028fb0000)]
  0x000000001e927800 JavaThread "stderr" daemon [_thread_in_native, id=7128, stack(0x0000000028db0000,0x0000000028eb0000)]
  0x000000001e927000 JavaThread "stdout" daemon [_thread_in_native, id=6500, stack(0x0000000028cb0000,0x0000000028db0000)]
  0x000000001e925800 JavaThread "stderr" daemon [_thread_in_native, id=6580, stack(0x0000000028bb0000,0x0000000028cb0000)]
  0x000000001e929000 JavaThread "stdout" daemon [_thread_in_native, id=6464, stack(0x0000000028ab0000,0x0000000028bb0000)]
  0x000000001e926000 JavaThread "stderr" daemon [_thread_in_native, id=6432, stack(0x00000000289b0000,0x0000000028ab0000)]
  0x000000001e91d000 JavaThread "stdout" daemon [_thread_in_native, id=8860, stack(0x00000000288b0000,0x00000000289b0000)]
  0x000000001e924000 JavaThread "stderr" daemon [_thread_in_native, id=1180, stack(0x00000000287b0000,0x00000000288b0000)]
  0x000000001e91f000 JavaThread "stdout" daemon [_thread_in_native, id=2484, stack(0x00000000286b0000,0x00000000287b0000)]
  0x000000001e91d800 JavaThread "stderr" daemon [_thread_in_native, id=2632, stack(0x00000000285b0000,0x00000000286b0000)]
  0x000000001e923000 JavaThread "stdout" daemon [_thread_in_native, id=3376, stack(0x00000000284b0000,0x00000000285b0000)]
  0x000000001e922000 JavaThread "stderr" daemon [_thread_in_native, id=9172, stack(0x00000000283b0000,0x00000000284b0000)]
  0x000000001e920800 JavaThread "stdout" daemon [_thread_in_native, id=3360, stack(0x00000000282b0000,0x00000000283b0000)]
  0x000000001e920000 JavaThread "stderr" daemon [_thread_in_native, id=2108, stack(0x00000000281b0000,0x00000000282b0000)]
  0x000000001e91e800 JavaThread "stdout" daemon [_thread_in_native, id=7596, stack(0x00000000280b0000,0x00000000281b0000)]
  0x000000001e921800 JavaThread "stderr" daemon [_thread_in_native, id=4524, stack(0x0000000027fb0000,0x00000000280b0000)]
  0x000000001b2ff000 JavaThread "stdout" daemon [_thread_in_native, id=924, stack(0x0000000027eb0000,0x0000000027fb0000)]
  0x000000001b2fc000 JavaThread "stderr" daemon [_thread_in_native, id=4388, stack(0x0000000027db0000,0x0000000027eb0000)]
  0x000000001b2fe800 JavaThread "stdout" daemon [_thread_in_native, id=928, stack(0x0000000027cb0000,0x0000000027db0000)]
  0x000000001b2fb800 JavaThread "stderr" daemon [_thread_in_native, id=8948, stack(0x0000000027bb0000,0x0000000027cb0000)]
  0x000000001b2fa800 JavaThread "stdout" daemon [_thread_in_native, id=8512, stack(0x0000000027ab0000,0x0000000027bb0000)]
  0x000000001b2fd800 JavaThread "stderr" daemon [_thread_in_native, id=4280, stack(0x00000000279b0000,0x0000000027ab0000)]
  0x000000001b2f9000 JavaThread "png-cruncher_20" daemon [_thread_blocked, id=1560, stack(0x00000000278b0000,0x00000000279b0000)]
  0x000000001b2fa000 JavaThread "png-cruncher_19" daemon [_thread_blocked, id=1056, stack(0x00000000277b0000,0x00000000278b0000)]
  0x000000001b2f8800 JavaThread "png-cruncher_18" daemon [_thread_blocked, id=7460, stack(0x00000000276b0000,0x00000000277b0000)]
  0x000000001b2fd000 JavaThread "png-cruncher_17" daemon [_thread_blocked, id=4916, stack(0x00000000275b0000,0x00000000276b0000)]
  0x0000000019db5000 JavaThread "png-cruncher_16" daemon [_thread_blocked, id=7276, stack(0x00000000274b0000,0x00000000275b0000)]
  0x0000000019db6800 JavaThread "png-cruncher_15" daemon [_thread_blocked, id=4232, stack(0x00000000273b0000,0x00000000274b0000)]
  0x0000000019dba800 JavaThread "png-cruncher_14" daemon [_thread_blocked, id=2188, stack(0x00000000272b0000,0x00000000273b0000)]
  0x0000000019db9800 JavaThread "png-cruncher_13" daemon [_thread_blocked, id=600, stack(0x00000000271b0000,0x00000000272b0000)]
  0x0000000019dbb000 JavaThread "png-cruncher_12" daemon [_thread_blocked, id=1780, stack(0x00000000270b0000,0x00000000271b0000)]
  0x0000000019db5800 JavaThread "png-cruncher_11" daemon [_thread_blocked, id=6800, stack(0x0000000026fb0000,0x00000000270b0000)]
  0x000000001e0a5800 JavaThread "png-cruncher_10" daemon [_thread_blocked, id=6136, stack(0x0000000026eb0000,0x0000000026fb0000)]
  0x000000001e0a6800 JavaThread "png-cruncher_9" daemon [_thread_blocked, id=7976, stack(0x0000000026db0000,0x0000000026eb0000)]
  0x000000001e0a5000 JavaThread "png-cruncher_8" daemon [_thread_blocked, id=4104, stack(0x0000000026cb0000,0x0000000026db0000)]
  0x000000001e0a4000 JavaThread "png-cruncher_7" daemon [_thread_blocked, id=6740, stack(0x0000000026bb0000,0x0000000026cb0000)]
  0x000000001e0a3800 JavaThread "png-cruncher_6" daemon [_thread_blocked, id=7996, stack(0x0000000026ab0000,0x0000000026bb0000)]
  0x000000001e0a0800 JavaThread "png-cruncher_5" daemon [_thread_blocked, id=5140, stack(0x00000000269b0000,0x0000000026ab0000)]
  0x000000001e0a7000 JavaThread "png-cruncher_4" daemon [_thread_blocked, id=604, stack(0x00000000268b0000,0x00000000269b0000)]
  0x000000001e0a2800 JavaThread "png-cruncher_3" daemon [_thread_blocked, id=3128, stack(0x00000000267b0000,0x00000000268b0000)]
  0x000000001e0a2000 JavaThread "png-cruncher_2" daemon [_thread_blocked, id=8488, stack(0x00000000266b0000,0x00000000267b0000)]
  0x000000001e0a1000 JavaThread "png-cruncher_1" daemon [_thread_blocked, id=3992, stack(0x00000000265b0000,0x00000000266b0000)]
  0x000000001954c000 JavaThread "File lock request listener" [_thread_in_native, id=5436, stack(0x000000001c1f0000,0x000000001c2f0000)]
  0x00000000194a3000 JavaThread "pool-1-thread-1" [_thread_blocked, id=6956, stack(0x000000001a520000,0x000000001a620000)]
  0x00000000194c6000 JavaThread "Incoming local TCP Connector on port 61387" [_thread_in_native, id=6008, stack(0x0000000018df0000,0x0000000018ef0000)]
  0x0000000018014000 JavaThread "Service Thread" daemon [_thread_blocked, id=448, stack(0x00000000183f0000,0x00000000184f0000)]
  0x00000000166b5800 JavaThread "C1 CompilerThread2" daemon [_thread_blocked, id=2028, stack(0x0000000017ef0000,0x0000000017ff0000)]
  0x00000000166ae800 JavaThread "C2 CompilerThread1" daemon [_thread_in_native, id=2692, stack(0x0000000017df0000,0x0000000017ef0000)]
  0x00000000166ab800 JavaThread "C2 CompilerThread0" daemon [_thread_in_native, id=2884, stack(0x0000000017cf0000,0x0000000017df0000)]
  0x00000000166aa000 JavaThread "Attach Listener" daemon [_thread_blocked, id=6728, stack(0x0000000017bf0000,0x0000000017cf0000)]
  0x00000000166a8800 JavaThread "Signal Dispatcher" daemon [_thread_blocked, id=1748, stack(0x0000000017af0000,0x0000000017bf0000)]
  0x0000000016697800 JavaThread "Finalizer" daemon [_thread_blocked, id=6132, stack(0x0000000017910000,0x0000000017a10000)]
  0x0000000002ca0000 JavaThread "Reference Handler" daemon [_thread_blocked, id=7896, stack(0x0000000017810000,0x0000000017910000)]
  0x0000000002bb0800 JavaThread "main" [_thread_blocked, id=7660, stack(0x0000000002a80000,0x0000000002b80000)]

Other Threads:
  0x0000000016675000 VMThread [stack: 0x0000000017710000,0x0000000017810000] [id=1304]
  0x0000000018014800 WatcherThread [stack: 0x00000000184f0000,0x00000000185f0000] [id=5776]

VM state:not at safepoint (normal execution)

VM Mutex/Monitor currently owned by a thread: None

Heap:
 PSYoungGen      total 400384K, used 230215K [0x00000000e0000000, 0x00000000ff800000, 0x0000000100000000)
  eden space 381952K, 60% used [0x00000000e0000000,0x00000000ee0d1f28,0x00000000f7500000)
  from space 18432K, 0% used [0x00000000f7500000,0x00000000f7500000,0x00000000f8700000)
  to   space 67072K, 0% used [0x00000000fb680000,0x00000000fb680000,0x00000000ff800000)
 ParOldGen       total 200192K, used 39364K [0x00000000a0000000, 0x00000000ac380000, 0x00000000e0000000)
  object space 200192K, 19% used [0x00000000a0000000,0x00000000a2671240,0x00000000ac380000)
 Metaspace       used 73575K, capacity 76582K, committed 78848K, reserved 1118208K
  class space    used 9182K, capacity 9613K, committed 10240K, reserved 1048576K

Card table byte_map: [0x0000000012100000,0x0000000012410000] byte_map_base: 0x0000000011c00000

Marking Bits: (ParMarkBitMap*) 0x000000006d1c9d00
 Begin Bits: [0x0000000012a10000, 0x0000000014210000)
 End Bits:   [0x0000000014210000, 0x0000000015a10000)

Polling page: 0x0000000002b90000

CodeCache: size=245760Kb used=52541Kb max_used=52654Kb free=193218Kb
 bounds [0x0000000002d40000, 0x0000000006100000, 0x0000000011d40000]
 total_blobs=15641 nmethods=14870 adapters=683
 compilation: enabled

Compilation events (10 events):
Event: 9386.061 Thread 0x00000000166b5800 18867       3       org.gradle.internal.logging.progress.DefaultProgressLoggerFactory$ProgressLoggerImpl::started (6 bytes)
Event: 9386.062 Thread 0x00000000166b5800 nmethod 18867 0x0000000003c0bdd0 code [0x0000000003c0bf40, 0x0000000003c0c0e8]
Event: 9386.064 Thread 0x00000000166b5800 18868       3       org.gradle.internal.logging.progress.DefaultProgressLoggerFactory$ProgressLoggerImpl::started (145 bytes)
Event: 9386.066 Thread 0x00000000166b5800 nmethod 18868 0x00000000060e7910 code [0x00000000060e7b80, 0x00000000060e8938]
Event: 9386.068 Thread 0x00000000166b5800 18869       3       org.gradle.internal.logging.progress.DefaultProgressLoggerFactory$ProgressLoggerImpl::assertNotStarted (63 bytes)
Event: 9386.070 Thread 0x00000000166b5800 nmethod 18869 0x00000000040bf1d0 code [0x00000000040bf4e0, 0x00000000040c0db8]
Event: 9386.073 Thread 0x00000000166b5800 18870       3       org.gradle.internal.logging.events.ProgressStartEvent::<init> (45 bytes)
Event: 9386.073 Thread 0x00000000166b5800 nmethod 18870 0x0000000002e92a50 code [0x0000000002e92bc0, 0x0000000002e92ef0]
Event: 9386.076 Thread 0x00000000166b5800 18871       3       org.gradle.internal.logging.services.ProgressLoggingBridge::started (11 bytes)
Event: 9386.076 Thread 0x00000000166b5800 nmethod 18871 0x00000000060e7450 code [0x00000000060e75c0, 0x00000000060e77e8]

GC Heap History (10 events):
Event: 9090.776 GC heap before
{Heap before GC invocations=35 (full 7):
 PSYoungGen      total 328704K, used 328678K [0x00000000e0000000, 0x00000000fe180000, 0x0000000100000000)
  eden space 276480K, 100% used [0x00000000e0000000,0x00000000f0e00000,0x00000000f0e00000)
  from space 52224K, 99% used [0x00000000f0e00000,0x00000000f40f9be0,0x00000000f4100000)
  to   space 61440K, 0% used [0x00000000fa580000,0x00000000fa580000,0x00000000fe180000)
 ParOldGen       total 200192K, used 99061K [0x00000000a0000000, 0x00000000ac380000, 0x00000000e0000000)
  object space 200192K, 49% used [0x00000000a0000000,0x00000000a60bd498,0x00000000ac380000)
 Metaspace       used 72175K, capacity 75088K, committed 78080K, reserved 1118208K
  class space    used 9002K, capacity 9410K, committed 10240K, reserved 1048576K
Event: 9090.895 GC heap after
Heap after GC invocations=35 (full 7):
 PSYoungGen      total 422912K, used 58193K [0x00000000e0000000, 0x00000000ff300000, 0x0000000100000000)
  eden space 361472K, 0% used [0x00000000e0000000,0x00000000e0000000,0x00000000f6100000)
  from space 61440K, 94% used [0x00000000fa580000,0x00000000fde54608,0x00000000fe180000)
  to   space 70144K, 0% used [0x00000000f6100000,0x00000000f6100000,0x00000000fa580000)
 ParOldGen       total 200192K, used 99061K [0x00000000a0000000, 0x00000000ac380000, 0x00000000e0000000)
  object space 200192K, 49% used [0x00000000a0000000,0x00000000a60bd498,0x00000000ac380000)
 Metaspace       used 72175K, capacity 75088K, committed 78080K, reserved 1118208K
  class space    used 9002K, capacity 9410K, committed 10240K, reserved 1048576K
}
Event: 9092.683 GC heap before
{Heap before GC invocations=36 (full 7):
 PSYoungGen      total 422912K, used 419665K [0x00000000e0000000, 0x00000000ff300000, 0x0000000100000000)
  eden space 361472K, 100% used [0x00000000e0000000,0x00000000f6100000,0x00000000f6100000)
  from space 61440K, 94% used [0x00000000fa580000,0x00000000fde54608,0x00000000fe180000)
  to   space 70144K, 0% used [0x00000000f6100000,0x00000000f6100000,0x00000000fa580000)
 ParOldGen       total 200192K, used 99061K [0x00000000a0000000, 0x00000000ac380000, 0x00000000e0000000)
  object space 200192K, 49% used [0x00000000a0000000,0x00000000a60bd498,0x00000000ac380000)
 Metaspace       used 72223K, capacity 75120K, committed 78080K, reserved 1118208K
  class space    used 9004K, capacity 9442K, committed 10240K, reserved 1048576K
Event: 9092.802 GC heap after
Heap after GC invocations=36 (full 7):
 PSYoungGen      total 431616K, used 44416K [0x00000000e0000000, 0x0000000100000000, 0x0000000100000000)
  eden space 361472K, 0% used [0x00000000e0000000,0x00000000e0000000,0x00000000f6100000)
  from space 70144K, 63% used [0x00000000f6100000,0x00000000f8c603e0,0x00000000fa580000)
  to   space 72192K, 0% used [0x00000000fb980000,0x00000000fb980000,0x0000000100000000)
 ParOldGen       total 200192K, used 99069K [0x00000000a0000000, 0x00000000ac380000, 0x00000000e0000000)
  object space 200192K, 49% used [0x00000000a0000000,0x00000000a60bf498,0x00000000ac380000)
 Metaspace       used 72223K, capacity 75120K, committed 78080K, reserved 1118208K
  class space    used 9004K, capacity 9442K, committed 10240K, reserved 1048576K
}
Event: 9094.483 GC heap before
{Heap before GC invocations=37 (full 7):
 PSYoungGen      total 431616K, used 405632K [0x00000000e0000000, 0x0000000100000000, 0x0000000100000000)
  eden space 361472K, 99% used [0x00000000e0000000,0x00000000f60c0000,0x00000000f6100000)
  from space 70144K, 63% used [0x00000000f6100000,0x00000000f8c603e0,0x00000000fa580000)
  to   space 72192K, 0% used [0x00000000fb980000,0x00000000fb980000,0x0000000100000000)
 ParOldGen       total 200192K, used 99069K [0x00000000a0000000, 0x00000000ac380000, 0x00000000e0000000)
  object space 200192K, 49% used [0x00000000a0000000,0x00000000a60bf498,0x00000000ac380000)
 Metaspace       used 73206K, capacity 76126K, committed 78592K, reserved 1118208K
  class space    used 9138K, capacity 9581K, committed 10240K, reserved 1048576K
Event: 9094.527 GC heap after
Heap after GC invocations=37 (full 7):
 PSYoungGen      total 450048K, used 32753K [0x00000000e0000000, 0x00000000ffc00000, 0x0000000100000000)
  eden space 381952K, 0% used [0x00000000e0000000,0x00000000e0000000,0x00000000f7500000)
  from space 68096K, 48% used [0x00000000fb980000,0x00000000fd97c6d8,0x00000000ffc00000)
  to   space 69120K, 0% used [0x00000000f7500000,0x00000000f7500000,0x00000000fb880000)
 ParOldGen       total 200192K, used 99277K [0x00000000a0000000, 0x00000000ac380000, 0x00000000e0000000)
  object space 200192K, 49% used [0x00000000a0000000,0x00000000a60f3498,0x00000000ac380000)
 Metaspace       used 73206K, capacity 76126K, committed 78592K, reserved 1118208K
  class space    used 9138K, capacity 9581K, committed 10240K, reserved 1048576K
}
Event: 9094.982 GC heap before
{Heap before GC invocations=38 (full 7):
 PSYoungGen      total 450048K, used 130976K [0x00000000e0000000, 0x00000000ffc00000, 0x0000000100000000)
  eden space 381952K, 25% used [0x00000000e0000000,0x00000000e5feb9b8,0x00000000f7500000)
  from space 68096K, 48% used [0x00000000fb980000,0x00000000fd97c6d8,0x00000000ffc00000)
  to   space 69120K, 0% used [0x00000000f7500000,0x00000000f7500000,0x00000000fb880000)
 ParOldGen       total 200192K, used 99277K [0x00000000a0000000, 0x00000000ac380000, 0x00000000e0000000)
  object space 200192K, 49% used [0x00000000a0000000,0x00000000a60f3498,0x00000000ac380000)
 Metaspace       used 73298K, capacity 76198K, committed 78592K, reserved 1118208K
  class space    used 9151K, capacity 9581K, committed 10240K, reserved 1048576K
Event: 9095.005 GC heap after
Heap after GC invocations=38 (full 7):
 PSYoungGen      total 400384K, used 18052K [0x00000000e0000000, 0x00000000ff800000, 0x0000000100000000)
  eden space 381952K, 0% used [0x00000000e0000000,0x00000000e0000000,0x00000000f7500000)
  from space 18432K, 97% used [0x00000000f7500000,0x00000000f86a12d8,0x00000000f8700000)
  to   space 67072K, 0% used [0x00000000fb680000,0x00000000fb680000,0x00000000ff800000)
 ParOldGen       total 200192K, used 100229K [0x00000000a0000000, 0x00000000ac380000, 0x00000000e0000000)
  object space 200192K, 50% used [0x00000000a0000000,0x00000000a61e1498,0x00000000ac380000)
 Metaspace       used 73298K, capacity 76198K, committed 78592K, reserved 1118208K
  class space    used 9151K, capacity 9581K, committed 10240K, reserved 1048576K
}
Event: 9095.005 GC heap before
{Heap before GC invocations=39 (full 8):
 PSYoungGen      total 400384K, used 18052K [0x00000000e0000000, 0x00000000ff800000, 0x0000000100000000)
  eden space 381952K, 0% used [0x00000000e0000000,0x00000000e0000000,0x00000000f7500000)
  from space 18432K, 97% used [0x00000000f7500000,0x00000000f86a12d8,0x00000000f8700000)
  to   space 67072K, 0% used [0x00000000fb680000,0x00000000fb680000,0x00000000ff800000)
 ParOldGen       total 200192K, used 100229K [0x00000000a0000000, 0x00000000ac380000, 0x00000000e0000000)
  object space 200192K, 50% used [0x00000000a0000000,0x00000000a61e1498,0x00000000ac380000)
 Metaspace       used 73298K, capacity 76198K, committed 78592K, reserved 1118208K
  class space    used 9151K, capacity 9581K, committed 10240K, reserved 1048576K
Event: 9095.389 GC heap after
Heap after GC invocations=39 (full 8):
 PSYoungGen      total 400384K, used 0K [0x00000000e0000000, 0x00000000ff800000, 0x0000000100000000)
  eden space 381952K, 0% used [0x00000000e0000000,0x00000000e0000000,0x00000000f7500000)
  from space 18432K, 0% used [0x00000000f7500000,0x00000000f7500000,0x00000000f8700000)
  to   space 67072K, 0% used [0x00000000fb680000,0x00000000fb680000,0x00000000ff800000)
 ParOldGen       total 200192K, used 39364K [0x00000000a0000000, 0x00000000ac380000, 0x00000000e0000000)
  object space 200192K, 19% used [0x00000000a0000000,0x00000000a2671240,0x00000000ac380000)
 Metaspace       used 73252K, capacity 76066K, committed 78592K, reserved 1118208K
  class space    used 9139K, capacity 9559K, committed 10240K, reserved 1048576K
}

Deoptimization events (10 events):
Event: 9157.074 Thread 0x000000001e098000 Uncommon trap: reason=unstable_if action=reinterpret pc=0x0000000004e9b16c method=com.sun.org.apache.xerces.internal.dom.ParentNode.nodeListItem(I)Lorg/w3c/dom/Node; @ 15
Event: 9157.074 Thread 0x000000001e098000 Uncommon trap: reason=unstable_if action=reinterpret pc=0x00000000052693c8 method=com.sun.org.apache.xerces.internal.dom.ParentNode.nodeListItem(I)Lorg/w3c/dom/Node; @ 15
Event: 9157.121 Thread 0x000000001e098000 Uncommon trap: reason=unstable_if action=reinterpret pc=0x0000000004e33f10 method=com.google.gson.stream.JsonWriter.close(IILjava/lang/String;)Lcom/google/gson/stream/JsonWriter; @ 9
Event: 9157.130 Thread 0x000000001e098000 Uncommon trap: reason=unstable_if action=reinterpret pc=0x0000000005506d5c method=com.sun.org.apache.xerces.internal.dom.NodeImpl.hasStringValue()Z @ 8
Event: 9157.130 Thread 0x000000001e098000 Uncommon trap: reason=unstable_if action=reinterpret pc=0x00000000054f5138 method=com.sun.org.apache.xerces.internal.dom.NodeImpl.hasStringValue()Z @ 8
Event: 9161.536 Thread 0x00000000181ab000 Uncommon trap: reason=unstable_if action=reinterpret pc=0x0000000005ae10b8 method=java.util.concurrent.locks.AbstractQueuedSynchronizer.acquire(I)V @ 20
Event: 9161.949 Thread 0x000000001e098000 Uncommon trap: reason=class_check action=maybe_recompile pc=0x0000000003c03098 method=java.lang.AbstractStringBuilder.append(Ljava/lang/CharSequence;)Ljava/lang/AbstractStringBuilder; @ 26
Event: 9161.949 Thread 0x000000001e098000 Uncommon trap: reason=class_check action=maybe_recompile pc=0x0000000003b6b360 method=java.lang.AbstractStringBuilder.append(Ljava/lang/CharSequence;II)Ljava/lang/AbstractStringBuilder; @ 18
Event: 9161.949 Thread 0x000000001e098000 Uncommon trap: reason=class_check action=maybe_recompile pc=0x0000000003c03098 method=java.lang.AbstractStringBuilder.append(Ljava/lang/CharSequence;)Ljava/lang/AbstractStringBuilder; @ 26
Event: 9161.949 Thread 0x000000001e098000 Uncommon trap: reason=class_check action=maybe_recompile pc=0x0000000003b6b360 method=java.lang.AbstractStringBuilder.append(Ljava/lang/CharSequence;II)Ljava/lang/AbstractStringBuilder; @ 18

Internal exceptions (10 events):
Event: 9155.558 Thread 0x000000001e098000 Exception <a 'java/lang/NoSuchMethodError': <clinit>> (0x00000000e04d19a0) thrown at [C:\src\android\AOSP-openjdk\external\jetbrains\jdk\hotspot\src\share\vm\prims\jni.cpp, line 1591]
Event: 9155.559 Thread 0x000000001e098000 Exception <a 'java/lang/NoSuchMethodError': <clinit>> (0x00000000e04d9be0) thrown at [C:\src\android\AOSP-openjdk\external\jetbrains\jdk\hotspot\src\share\vm\prims\jni.cpp, line 1591]
Event: 9155.701 Thread 0x000000001e098000 Exception <a 'java/lang/ClassNotFoundException': asLocalRepo328_3uczafjebp4uvh6va3tkgjdlzBeanInfo> (0x00000000e08f9d48) thrown at [C:\src\android\AOSP-openjdk\external\jetbrains\jdk\hotspot\src\share\vm\classfile\systemDictionary.cpp, line 210]
Event: 9155.701 Thread 0x000000001e098000 Exception <a 'java/lang/ClassNotFoundException': asLocalRepo328_3uczafjebp4uvh6va3tkgjdlzCustomizer> (0x00000000e0903960) thrown at [C:\src\android\AOSP-openjdk\external\jetbrains\jdk\hotspot\src\share\vm\classfile\systemDictionary.cpp, line 210]
Event: 9156.274 Thread 0x000000001e098000 Exception <a 'java/lang/reflect/InvocationTargetException'> (0x00000000e71762c8) thrown at [C:\src\android\AOSP-openjdk\external\jetbrains\jdk\hotspot\src\share\vm\runtime\reflection.cpp, line 1092]
Event: 9157.073 Thread 0x000000001e098000 Implicit null exception at 0x0000000004d17f99 to 0x0000000004d182f9
Event: 9157.073 Thread 0x000000001e098000 Implicit null exception at 0x000000000525e71a to 0x000000000525eaad
Event: 9162.027 Thread 0x000000001e098000 Exception <a 'java/lang/NoSuchMethodError': <clinit>> (0x00000000edaa2aa0) thrown at [C:\src\android\AOSP-openjdk\external\jetbrains\jdk\hotspot\src\share\vm\prims\jni.cpp, line 1591]
Event: 9386.044 Thread 0x00000000181ae000 Exception <a 'java/lang/ClassNotFoundException': asLocalRepo473_eef5b9kl6rzmbctsiol42ai76BeanInfo> (0x00000000ede173c0) thrown at [C:\src\android\AOSP-openjdk\external\jetbrains\jdk\hotspot\src\share\vm\classfile\systemDictionary.cpp, line 210]
Event: 9386.044 Thread 0x00000000181ae000 Exception <a 'java/lang/ClassNotFoundException': asLocalRepo473_eef5b9kl6rzmbctsiol42ai76Customizer> (0x00000000edf7c440) thrown at [C:\src\android\AOSP-openjdk\external\jetbrains\jdk\hotspot\src\share\vm\classfile\systemDictionary.cpp, line 210]

Events (10 events):
Event: 9386.073 loading class groovy/runtime/metaclass/asLocalRepo473_eef5b9kl6rzmbctsiol42ai76$_run_closure1$_closure3MetaClass
Event: 9386.073 loading class groovy/runtime/metaclass/asLocalRepo473_eef5b9kl6rzmbctsiol42ai76$_run_closure1$_closure3MetaClass done
Event: 9386.074 loading class asLocalRepo473_eef5b9kl6rzmbctsiol42ai76$_run_closure1$_closure3$_closure6
Event: 9386.074 loading class asLocalRepo473_eef5b9kl6rzmbctsiol42ai76$_run_closure1$_closure3$_closure6 done
Event: 9386.075 Thread 0x00000000166b5800 flushing nmethod 0x00000000054b4b50
Event: 9386.075 Thread 0x00000000166b5800 flushing nmethod 0x00000000054bc550
Event: 9386.075 loading class groovy/runtime/metaclass/asLocalRepo473_eef5b9kl6rzmbctsiol42ai76$_run_closure1$_closure3$_closure6MetaClass
Event: 9386.075 loading class groovy/runtime/metaclass/asLocalRepo473_eef5b9kl6rzmbctsiol42ai76$_run_closure1$_closure3$_closure6MetaClass done
Event: 9386.076 Thread 0x00000000166b5800 flushing nmethod 0x00000000056507d0
Event: 9386.077 Thread 0x00000000166b5800 flushing nmethod 0x00000000057f5450


Dynamic libraries:
0x00007ff6dd730000 - 0x00007ff6dd761000 	F:\Android studio\android-studio\jre\bin\java.exe
0x00007ff9acd80000 - 0x00007ff9acf41000 	C:\Windows\SYSTEM32\ntdll.dll
0x00007ff9ab050000 - 0x00007ff9ab0fd000 	C:\Windows\system32\KERNEL32.DLL
0x00007ff9a97a0000 - 0x00007ff9a9988000 	C:\Windows\system32\KERNELBASE.dll
0x00007ff9ab3f0000 - 0x00007ff9ab497000 	C:\Windows\system32\ADVAPI32.dll
0x00007ff9ab4a0000 - 0x00007ff9ab53d000 	C:\Windows\system32\msvcrt.dll
0x00007ff9acc00000 - 0x00007ff9acc5b000 	C:\Windows\system32\sechost.dll
0x00007ff9acc60000 - 0x00007ff9acd7c000 	C:\Windows\system32\RPCRT4.dll
0x00007ff9aaa00000 - 0x00007ff9aab56000 	C:\Windows\system32\USER32.dll
0x00007ff9aa400000 - 0x00007ff9aa586000 	C:\Windows\system32\GDI32.dll
0x00007ff99d660000 - 0x00007ff99d8d4000 	C:\Windows\WinSxS\amd64_microsoft.windows.common-controls_6595b64144ccf1df_6.0.10586.672_none_a2d6b3cea53ff843\COMCTL32.dll
0x00007ff9aa6d0000 - 0x00007ff9aa94d000 	C:\Windows\system32\combase.dll
0x00007ff9a9aa0000 - 0x00007ff9a9b0a000 	C:\Windows\system32\bcryptPrimitives.dll
0x00007ff9ab010000 - 0x00007ff9ab04b000 	C:\Windows\system32\IMM32.DLL
0x000000006c930000 - 0x000000006ca02000 	F:\Android studio\android-studio\jre\jre\bin\msvcr100.dll
0x000000006ca10000 - 0x000000006d244000 	F:\Android studio\android-studio\jre\jre\bin\server\jvm.dll
0x00007ff9aaf90000 - 0x00007ff9aaf98000 	C:\Windows\system32\PSAPI.DLL
0x00007ff9a1c70000 - 0x00007ff9a1c79000 	C:\Windows\SYSTEM32\WSOCK32.dll
0x00007ff9a7830000 - 0x00007ff9a7853000 	C:\Windows\SYSTEM32\WINMM.dll
0x00007ff9a6480000 - 0x00007ff9a648a000 	C:\Windows\SYSTEM32\VERSION.dll
0x00007ff9aa390000 - 0x00007ff9aa3fb000 	C:\Windows\system32\WS2_32.dll
0x00007ff9a72e0000 - 0x00007ff9a730c000 	C:\Windows\SYSTEM32\WINMMBASE.dll
0x00007ff9a94c0000 - 0x00007ff9a9503000 	C:\Windows\system32\cfgmgr32.dll
0x00007ff9a4170000 - 0x00007ff9a417f000 	F:\Android studio\android-studio\jre\jre\bin\verify.dll
0x00007ff9a4140000 - 0x00007ff9a4169000 	F:\Android studio\android-studio\jre\jre\bin\java.dll
0x00007ff9a4120000 - 0x00007ff9a4136000 	F:\Android studio\android-studio\jre\jre\bin\zip.dll
0x00007ff9ab540000 - 0x00007ff9aca9c000 	C:\Windows\system32\SHELL32.dll
0x00007ff9a9b10000 - 0x00007ff9aa155000 	C:\Windows\system32\windows.storage.dll
0x00007ff9aa330000 - 0x00007ff9aa382000 	C:\Windows\system32\shlwapi.dll
0x00007ff9a93a0000 - 0x00007ff9a93af000 	C:\Windows\system32\kernel.appcore.dll
0x00007ff9a96e0000 - 0x00007ff9a9795000 	C:\Windows\system32\shcore.dll
0x00007ff9a93b0000 - 0x00007ff9a93fb000 	C:\Windows\system32\powrprof.dll
0x00007ff9a9400000 - 0x00007ff9a9414000 	C:\Windows\system32\profapi.dll
0x00007ff9a35b0000 - 0x00007ff9a35ca000 	F:\Android studio\android-studio\jre\jre\bin\net.dll
0x00007ff9a8c40000 - 0x00007ff9a8c9c000 	C:\Windows\system32\mswsock.dll
0x00007ff9a3590000 - 0x00007ff9a35a1000 	F:\Android studio\android-studio\jre\jre\bin\nio.dll
0x00007ff9941d0000 - 0x00007ff9941e2000 	C:\Users\techflitter_01\.gradle\native\19\windows-amd64\native-platform.dll
0x00007ff9a8cf0000 - 0x00007ff9a8d07000 	C:\Windows\SYSTEM32\CRYPTSP.dll
0x00007ff9a8920000 - 0x00007ff9a8954000 	C:\Windows\system32\rsaenh.dll
0x00007ff9a92d0000 - 0x00007ff9a92f9000 	C:\Windows\SYSTEM32\bcrypt.dll
0x00007ff9a8a70000 - 0x00007ff9a8a8f000 	C:\Windows\SYSTEM32\USERENV.dll
0x00007ff9a92c0000 - 0x00007ff9a92cb000 	C:\Windows\SYSTEM32\CRYPTBASE.dll
0x00007ff9a4850000 - 0x00007ff9a4888000 	C:\Windows\SYSTEM32\IPHLPAPI.DLL
0x00007ff9aafa0000 - 0x00007ff9aafa8000 	C:\Windows\system32\NSI.dll
0x00007ff9a44d0000 - 0x00007ff9a44e6000 	C:\Windows\SYSTEM32\dhcpcsvc6.DLL
0x00007ff9a44b0000 - 0x00007ff9a44ca000 	C:\Windows\SYSTEM32\dhcpcsvc.DLL
0x00007ff9a3e80000 - 0x00007ff9a3e8d000 	F:\Android studio\android-studio\jre\jre\bin\management.dll
0x00007ff9a78f0000 - 0x00007ff9a7969000 	C:\Windows\system32\apphelp.dll
0x00007ff9933e0000 - 0x00007ff99356c000 	C:\Windows\SYSTEM32\dbghelp.dll

VM Arguments:
jvm_args: -Xmx1536m -Dfile.encoding=windows-1252 -Duser.country=US -Duser.language=en -Duser.variant 
java_command: org.gradle.launcher.daemon.bootstrap.GradleDaemon 2.14.1
java_class_path (initial): F:\Android studio\android-studio\gradle\gradle-2.14.1\lib\gradle-launcher-2.14.1.jar
Launcher Type: SUN_STANDARD

Environment Variables:
JAVA_HOME=C:\Program Files\Java\jdk1.8.0_102
PATH=C:\Python27\;C:\Python27\Scripts;C:\ProgramData\Oracle\Java\javapath;C:\Windows\system32;C:\Windows;C:\Windows\System32\Wbem;C:\Windows\System32\WindowsPowerShell\v1.0\;C:\Program Files (x86)\Skype\Phone\;C:\Program Files (x86)\Git\bin;C:\ProgramData\chocolatey\bin;C:\Program Files\nodejs\;C:\Users\techflitter_01\AppData\Roaming\npm
USERNAME=techflitter_01
OS=Windows_NT
PROCESSOR_IDENTIFIER=Intel64 Family 6 Model 37 Stepping 5, GenuineIntel



---------------  S Y S T E M  ---------------

OS: Windows 10.0 , 64 bit Build 10586 (10.0.10586.589)

CPU:total 4 (2 cores per cpu, 2 threads per core) family 6 model 37 stepping 5, cmov, cx8, fxsr, mmx, sse, sse2, sse3, ssse3, sse4.1, sse4.2, popcnt, ht, tsc, tscinvbit

Memory: 4k page, physical 8248436k(1789524k free), swap 11894248k(3793296k free)

vm_info: OpenJDK 64-Bit Server VM (25.76-b03) for windows-amd64 JRE (1.8.0_76-release-b03), built on Jun 29 2016 19:09:20 by "ralucas" with MS VC++ 10.0 (VS2010)

time: Fri Feb 03 12:52:54 2017
elapsed time: 9386 seconds (0d 2h 36m 26s)

